\BOOKMARK [1][-]{section.1}{Course Overview}{}
\BOOKMARK [1][-]{section.2}{Introduction to computing hardware and NMSU/Astronomy computing}{}
\BOOKMARK [2][-]{subsection.2.1}{Hardware}{section.2}
\BOOKMARK [2][-]{subsection.2.2}{Bits, bytes, and whatever}{section.2}
\BOOKMARK [2][-]{subsection.2.3}{Computing software}{section.2}
\BOOKMARK [3][-]{subsubsection.2.3.1}{Operating systems}{subsection.2.3}
\BOOKMARK [3][-]{subsubsection.2.3.2}{Operating system interfaces}{subsection.2.3}
\BOOKMARK [3][-]{subsubsection.2.3.3}{Applications}{subsection.2.3}
\BOOKMARK [2][-]{subsection.2.4}{Network communication}{section.2}
\BOOKMARK [2][-]{subsection.2.5}{NMSU/Astronomy \(academic\)}{section.2}
\BOOKMARK [2][-]{subsection.2.6}{Linux resource usage}{section.2}
\BOOKMARK [1][-]{section.3}{Working in a Unix environment}{}
\BOOKMARK [2][-]{subsection.3.1}{Linux help}{section.3}
\BOOKMARK [2][-]{subsection.3.2}{Basics: directories}{section.3}
\BOOKMARK [2][-]{subsection.3.3}{Basics: files}{section.3}
\BOOKMARK [3][-]{subsubsection.3.3.1}{Displaying files}{subsection.3.3}
\BOOKMARK [3][-]{subsubsection.3.3.2}{Creating files}{subsection.3.3}
\BOOKMARK [3][-]{subsubsection.3.3.3}{permissions}{subsection.3.3}
\BOOKMARK [3][-]{subsubsection.3.3.4}{advanced file types}{subsection.3.3}
\BOOKMARK [3][-]{subsubsection.3.3.5}{file types}{subsection.3.3}
\BOOKMARK [3][-]{subsubsection.3.3.6}{locating files}{subsection.3.3}
\BOOKMARK [3][-]{subsubsection.3.3.7}{Display file contents}{subsection.3.3}
\BOOKMARK [2][-]{subsection.3.4}{Unix useful file manipulation tools}{section.3}
\BOOKMARK [3][-]{subsubsection.3.4.1}{grep}{subsection.3.4}
\BOOKMARK [3][-]{subsubsection.3.4.2}{sed}{subsection.3.4}
\BOOKMARK [3][-]{subsubsection.3.4.3}{tr}{subsection.3.4}
\BOOKMARK [3][-]{subsubsection.3.4.4}{sort}{subsection.3.4}
\BOOKMARK [3][-]{subsubsection.3.4.5}{paste/join}{subsection.3.4}
\BOOKMARK [3][-]{subsubsection.3.4.6}{awk}{subsection.3.4}
\BOOKMARK [3][-]{subsubsection.3.4.7}{diff}{subsection.3.4}
\BOOKMARK [3][-]{subsubsection.3.4.8}{wc}{subsection.3.4}
\BOOKMARK [2][-]{subsection.3.5}{Archiving and compression tools}{section.3}
\BOOKMARK [3][-]{subsubsection.3.5.1}{tar}{subsection.3.5}
\BOOKMARK [2][-]{subsection.3.6}{Unix system information, resources and usage}{section.3}
\BOOKMARK [2][-]{subsection.3.7}{Unix job control}{section.3}
\BOOKMARK [2][-]{subsection.3.8}{Intermachine communication}{section.3}
\BOOKMARK [2][-]{subsection.3.9}{Unix environment}{section.3}
\BOOKMARK [2][-]{subsection.3.10}{Editors}{section.3}
\BOOKMARK [2][-]{subsection.3.11}{Unix shells and shell scripting}{section.3}
\BOOKMARK [3][-]{subsubsection.3.11.1}{Example}{subsection.3.11}
\BOOKMARK [2][-]{subsection.3.12}{Remote \046 virtual desktops}{section.3}
\BOOKMARK [1][-]{section.4}{Presentation/communication}{}
\BOOKMARK [2][-]{subsection.4.1}{Text processing: LaTeX}{section.4}
\BOOKMARK [3][-]{subsubsection.4.1.1}{Introduction to makefiles}{subsection.4.1}
\BOOKMARK [2][-]{subsection.4.2}{HTML}{section.4}
\BOOKMARK [2][-]{subsection.4.3}{Collaboration}{section.4}
\BOOKMARK [1][-]{section.5}{Programming}{}
\BOOKMARK [2][-]{subsection.5.1}{Overarching concepts}{section.5}
\BOOKMARK [2][-]{subsection.5.2}{Philosophy}{section.5}
\BOOKMARK [2][-]{subsection.5.3}{Languages}{section.5}
\BOOKMARK [3][-]{subsubsection.5.3.1}{Getting started}{subsection.5.3}
\BOOKMARK [3][-]{subsubsection.5.3.2}{Getting started with Fortran}{subsection.5.3}
\BOOKMARK [3][-]{subsubsection.5.3.3}{Getting started with C}{subsection.5.3}
\BOOKMARK [3][-]{subsubsection.5.3.4}{Introduction to makefiles}{subsection.5.3}
\BOOKMARK [3][-]{subsubsection.5.3.5}{Getting started with Python}{subsection.5.3}
\BOOKMARK [3][-]{subsubsection.5.3.6}{Getting started with IDL}{subsection.5.3}
\BOOKMARK [3][-]{subsubsection.5.3.7}{Simple makefile}{subsection.5.3}
\BOOKMARK [2][-]{subsection.5.4}{Basic Programming}{section.5}
\BOOKMARK [3][-]{subsubsection.5.4.1}{Program construction}{subsection.5.4}
\BOOKMARK [3][-]{subsubsection.5.4.2}{Variables}{subsection.5.4}
\BOOKMARK [3][-]{subsubsection.5.4.3}{Operators}{subsection.5.4}
\BOOKMARK [3][-]{subsubsection.5.4.4}{Control statements}{subsection.5.4}
\BOOKMARK [3][-]{subsubsection.5.4.5}{Input and output \(I/O\)}{subsection.5.4}
\BOOKMARK [3][-]{subsubsection.5.4.6}{Program organization: subroutines and functions}{subsection.5.4}
\BOOKMARK [3][-]{subsubsection.5.4.7}{Objects and object-oriented programming}{subsection.5.4}
\BOOKMARK [2][-]{subsection.5.5}{Error handling and code testing}{section.5}
\BOOKMARK [2][-]{subsection.5.6}{Debugging code}{section.5}
\BOOKMARK [2][-]{subsection.5.7}{Coding practices}{section.5}
\BOOKMARK [2][-]{subsection.5.8}{More advanced coding}{section.5}
\BOOKMARK [2][-]{subsection.5.9}{Case study/review}{section.5}
\BOOKMARK [1][-]{section.6}{Plotting}{}
\BOOKMARK [2][-]{subsection.6.1}{Basic Plots}{section.6}
\BOOKMARK [3][-]{subsubsection.6.1.1}{Python}{subsection.6.1}
\BOOKMARK [2][-]{subsection.6.2}{``Image'' plots}{section.6}
\BOOKMARK [2][-]{subsection.6.3}{Other plots}{section.6}
\BOOKMARK [3][-]{subsubsection.6.3.1}{IDL examples}{subsection.6.3}
\BOOKMARK [2][-]{subsection.6.4}{Event handling}{section.6}
\BOOKMARK [1][-]{section.7}{Algorithms}{}
\BOOKMARK [2][-]{subsection.7.1}{Writing a Program}{section.7}
\BOOKMARK [2][-]{subsection.7.2}{Speed and scaling}{section.7}
\BOOKMARK [2][-]{subsection.7.3}{Lists and list matching}{section.7}
\BOOKMARK [2][-]{subsection.7.4}{Random number generation}{section.7}
\BOOKMARK [2][-]{subsection.7.5}{Interpolation}{section.7}
\BOOKMARK [2][-]{subsection.7.6}{Fourier analysis basics and sinc interpolation}{section.7}
\BOOKMARK [2][-]{subsection.7.7}{Differentiation and integration}{section.7}
\BOOKMARK [2][-]{subsection.7.8}{Differential equations}{section.7}
\BOOKMARK [1][-]{section.8}{Fitting}{}
\BOOKMARK [2][-]{subsection.8.1}{Overview: frequentism vs Bayesian}{section.8}
\BOOKMARK [2][-]{subsection.8.2}{General linear fits}{section.8}
\BOOKMARK [2][-]{subsection.8.3}{Solving linear equations}{section.8}
\BOOKMARK [2][-]{subsection.8.4}{Nonlinear fits}{section.8}
\BOOKMARK [3][-]{subsubsection.8.4.1}{A nonlinear fitter without derivatives}{subsection.8.4}
\BOOKMARK [2][-]{subsection.8.5}{Parameter uncertainties and confidence limits}{section.8}
\BOOKMARK [2][-]{subsection.8.6}{Bayesian analysis}{section.8}
\BOOKMARK [3][-]{subsubsection.8.6.1}{The prior}{subsection.8.6}
\BOOKMARK [3][-]{subsubsection.8.6.2}{Marginalization}{subsection.8.6}
\BOOKMARK [3][-]{subsubsection.8.6.3}{Markov Chain Monte Carlo \(MCMC\)}{subsection.8.6}
