This is pdfTeXk, Version 3.141592-1.40.3 (Web2C 7.5.6) (format=pdflatex 2015.11.14)  27 JUL 2016 12:08
entering extended mode
 %&-line parsing enabled.
**notes.tex
(./notes.tex
LaTeX2e <2005/12/01>
Babel <v3.8h> and hyphenation patterns for english, usenglishmax, dumylang, noh
yphenation, arabic, basque, bulgarian, coptic, welsh, czech, slovak, german, ng
erman, danish, esperanto, spanish, catalan, galician, estonian, farsi, finnish,
 french, greek, monogreek, ancientgreek, croatian, hungarian, interlingua, ibyc
us, indonesian, icelandic, italian, latin, mongolian, dutch, norsk, polish, por
tuguese, pinyin, romanian, russian, slovenian, uppersorbian, serbian, swedish, 
turkish, ukenglish, ukrainian, loaded.
(/usr/share/texmf/tex/latex/base/article.cls
Document Class: article 2005/09/16 v1.4f Standard LaTeX document class
(/usr/share/texmf/tex/latex/base/size10.clo
File: size10.clo 2005/09/16 v1.4f Standard LaTeX file (size option)
)
\c@part=\count79
\c@section=\count80
\c@subsection=\count81
\c@subsubsection=\count82
\c@paragraph=\count83
\c@subparagraph=\count84
\c@figure=\count85
\c@table=\count86
\abovecaptionskip=\skip41
\belowcaptionskip=\skip42
\bibindent=\dimen102
)
(/usr/share/texmf/tex/latex/geometry/geometry.sty
Package: geometry 2002/07/08 v3.2 Page Geometry

(/usr/share/texmf/tex/latex/graphics/keyval.sty
Package: keyval 1999/03/16 v1.13 key=value parser (DPC)
\KV@toks@=\toks14
)
\Gm@cnth=\count87
\Gm@cntv=\count88
\c@Gm@tempcnt=\count89
\Gm@bindingoffset=\dimen103
\Gm@wd@mp=\dimen104
\Gm@odd@mp=\dimen105
\Gm@even@mp=\dimen106
\Gm@dimlist=\toks15
)
(/usr/share/texmf/tex/latex/graphics/graphicx.sty
Package: graphicx 1999/02/16 v1.0f Enhanced LaTeX Graphics (DPC,SPQR)

(/usr/share/texmf/tex/latex/graphics/graphics.sty
Package: graphics 2006/02/20 v1.0o Standard LaTeX Graphics (DPC,SPQR)

(/usr/share/texmf/tex/fontinst/base/trig.sty
Package: trig 1999/03/16 v1.09 sin cos tan (DPC)
)
(/usr/share/texmf/tex/latex/config/graphics.cfg
File: graphics.cfg 2007/01/18 v1.5 graphics configuration of teTeX/TeXLive
)
Package graphics Info: Driver file: pdftex.def on input line 90.

(/usr/share/texmf/tex/latex/pdftex-def/pdftex.def
File: pdftex.def 2007/01/08 v0.04d Graphics/color for pdfTeX
\Gread@gobject=\count90
))
\Gin@req@height=\dimen107
\Gin@req@width=\dimen108
)
(/usr/share/texmf/tex/latex/enumitem/enumitem.sty
Package: enumitem 2005/05/12 v1.1 Customized lists
\labelindent=\skip43
\enit@outerparindent=\dimen109
)
(/usr/share/texmf/tex/latex/amsmath/amsmath.sty
Package: amsmath 2000/07/18 v2.13 AMS math features
\@mathmargin=\skip44

For additional information on amsmath, use the `?' option.
(/usr/share/texmf/tex/latex/amsmath/amstext.sty
Package: amstext 2000/06/29 v2.01

(/usr/share/texmf/tex/latex/amsmath/amsgen.sty
File: amsgen.sty 1999/11/30 v2.0
\@emptytoks=\toks16
\ex@=\dimen110
))
(/usr/share/texmf/tex/latex/amsmath/amsbsy.sty
Package: amsbsy 1999/11/29 v1.2d
\pmbraise@=\dimen111
)
(/usr/share/texmf/tex/latex/amsmath/amsopn.sty
Package: amsopn 1999/12/14 v2.01 operator names
)
\inf@bad=\count91
LaTeX Info: Redefining \frac on input line 211.
\uproot@=\count92
\leftroot@=\count93
LaTeX Info: Redefining \overline on input line 307.
\classnum@=\count94
\DOTSCASE@=\count95
LaTeX Info: Redefining \ldots on input line 379.
LaTeX Info: Redefining \dots on input line 382.
LaTeX Info: Redefining \cdots on input line 467.
\Mathstrutbox@=\box26
\strutbox@=\box27
\big@size=\dimen112
LaTeX Font Info:    Redeclaring font encoding OML on input line 567.
LaTeX Font Info:    Redeclaring font encoding OMS on input line 568.
\macc@depth=\count96
\c@MaxMatrixCols=\count97
\dotsspace@=\muskip10
\c@parentequation=\count98
\dspbrk@lvl=\count99
\tag@help=\toks17
\row@=\count100
\column@=\count101
\maxfields@=\count102
\andhelp@=\toks18
\eqnshift@=\dimen113
\alignsep@=\dimen114
\tagshift@=\dimen115
\tagwidth@=\dimen116
\totwidth@=\dimen117
\lineht@=\dimen118
\@envbody=\toks19
\multlinegap=\skip45
\multlinetaggap=\skip46
\mathdisplay@stack=\toks20
LaTeX Info: Redefining \[ on input line 2666.
LaTeX Info: Redefining \] on input line 2667.
)
(/usr/share/texmf/tex/latex/mathcomp/mathcomp.sty
Package: mathcomp 2001/01/07 v0.1f (TBo)

(/usr/share/texmf/tex/latex/base/textcomp.sty
Package: textcomp 2005/09/27 v1.99g Standard LaTeX package
Package textcomp Info: Sub-encoding information:
(textcomp)               5 = only ISO-Adobe without \textcurrency
(textcomp)               4 = 5 + \texteuro
(textcomp)               3 = 4 + \textohm
(textcomp)               2 = 3 + \textestimated + \textcurrency
(textcomp)               1 = TS1 - \textcircled - \t
(textcomp)               0 = TS1 (full)
(textcomp)             Font families with sub-encoding setting implement
(textcomp)             only a restricted character set as indicated.
(textcomp)             Family '?' is the default used for unknown fonts.
(textcomp)             See the documentation for details.
Package textcomp Info: Setting ? sub-encoding to TS1/1 on input line 71.

(/usr/share/texmf/tex/latex/base/ts1enc.def
File: ts1enc.def 2001/06/05 v3.0e (jk/car/fm) Standard LaTeX file
)
LaTeX Info: Redefining \oldstylenums on input line 266.
Package textcomp Info: Setting cmr sub-encoding to TS1/0 on input line 281.
Package textcomp Info: Setting cmss sub-encoding to TS1/0 on input line 282.
Package textcomp Info: Setting cmtt sub-encoding to TS1/0 on input line 283.
Package textcomp Info: Setting cmvtt sub-encoding to TS1/0 on input line 284.
Package textcomp Info: Setting cmbr sub-encoding to TS1/0 on input line 285.
Package textcomp Info: Setting cmtl sub-encoding to TS1/0 on input line 286.
Package textcomp Info: Setting ccr sub-encoding to TS1/0 on input line 287.
Package textcomp Info: Setting ptm sub-encoding to TS1/4 on input line 288.
Package textcomp Info: Setting pcr sub-encoding to TS1/4 on input line 289.
Package textcomp Info: Setting phv sub-encoding to TS1/4 on input line 290.
Package textcomp Info: Setting ppl sub-encoding to TS1/3 on input line 291.
Package textcomp Info: Setting pag sub-encoding to TS1/4 on input line 292.
Package textcomp Info: Setting pbk sub-encoding to TS1/4 on input line 293.
Package textcomp Info: Setting pnc sub-encoding to TS1/4 on input line 294.
Package textcomp Info: Setting pzc sub-encoding to TS1/4 on input line 295.
Package textcomp Info: Setting bch sub-encoding to TS1/4 on input line 296.
Package textcomp Info: Setting put sub-encoding to TS1/5 on input line 297.
Package textcomp Info: Setting uag sub-encoding to TS1/5 on input line 298.
Package textcomp Info: Setting ugq sub-encoding to TS1/5 on input line 299.
Package textcomp Info: Setting ul8 sub-encoding to TS1/4 on input line 300.
Package textcomp Info: Setting ul9 sub-encoding to TS1/4 on input line 301.
Package textcomp Info: Setting augie sub-encoding to TS1/5 on input line 302.
Package textcomp Info: Setting dayrom sub-encoding to TS1/3 on input line 303.
Package textcomp Info: Setting dayroms sub-encoding to TS1/3 on input line 304.

Package textcomp Info: Setting pxr sub-encoding to TS1/0 on input line 305.
Package textcomp Info: Setting pxss sub-encoding to TS1/0 on input line 306.
Package textcomp Info: Setting pxtt sub-encoding to TS1/0 on input line 307.
Package textcomp Info: Setting txr sub-encoding to TS1/0 on input line 308.
Package textcomp Info: Setting txss sub-encoding to TS1/0 on input line 309.
Package textcomp Info: Setting txtt sub-encoding to TS1/0 on input line 310.
Package textcomp Info: Setting futs sub-encoding to TS1/4 on input line 311.
Package textcomp Info: Setting futx sub-encoding to TS1/4 on input line 312.
Package textcomp Info: Setting futj sub-encoding to TS1/4 on input line 313.
Package textcomp Info: Setting hlh sub-encoding to TS1/3 on input line 314.
Package textcomp Info: Setting hls sub-encoding to TS1/3 on input line 315.
Package textcomp Info: Setting hlst sub-encoding to TS1/3 on input line 316.
Package textcomp Info: Setting hlct sub-encoding to TS1/5 on input line 317.
Package textcomp Info: Setting hlx sub-encoding to TS1/5 on input line 318.
Package textcomp Info: Setting hlce sub-encoding to TS1/5 on input line 319.
Package textcomp Info: Setting hlcn sub-encoding to TS1/5 on input line 320.
Package textcomp Info: Setting hlcw sub-encoding to TS1/5 on input line 321.
Package textcomp Info: Setting hlcf sub-encoding to TS1/5 on input line 322.
Package textcomp Info: Setting pplx sub-encoding to TS1/3 on input line 323.
Package textcomp Info: Setting pplj sub-encoding to TS1/3 on input line 324.
Package textcomp Info: Setting ptmx sub-encoding to TS1/4 on input line 325.
Package textcomp Info: Setting ptmj sub-encoding to TS1/4 on input line 326.
)
\symTC=\mathgroup4
LaTeX Font Info:    Overwriting symbol font `TC' in version `bold'
(Font)                  TS1/cmr/m/n --> TS1/cmr/bx/n on input line 25.
LaTeX Font Info:    Redeclaring math symbol \dagger on input line 47.
LaTeX Font Info:    Redeclaring math symbol \ddagger on input line 48.
)
(/usr/share/texmf/tex/latex/graphics/color.sty
Package: color 2005/11/14 v1.0j Standard LaTeX Color (DPC)

(/usr/share/texmf/tex/latex/config/color.cfg
File: color.cfg 2007/01/18 v1.5 color configuration of teTeX/TeXLive
)
Package color Info: Driver file: pdftex.def on input line 130.
)
(/usr/share/texmf/tex/latex/setspace/setspace.sty
Package: setspace 2000/12/01 6.7 Contributed and Supported LaTeX2e package

Package: `setspace' 6.7 <2000/12/01>
) (/usr/share/texmf/tex/latex/listings/listings.sty
\lst@mode=\count103
\lst@gtempboxa=\box28
\lst@token=\toks21
\lst@length=\count104
\lst@currlwidth=\dimen119
\lst@column=\count105
\lst@pos=\count106
\lst@lostspace=\dimen120
\lst@width=\dimen121
\lst@newlines=\count107
\lst@lineno=\count108
\c@lstlisting=\count109
\lst@maxwidth=\dimen122

(/usr/share/texmf/tex/latex/listings/lstpatch.sty
File: lstpatch.sty 2004/10/17 1.3b (Carsten Heinz)
)
(/usr/share/texmf/tex/latex/listings/lstmisc.sty
File: lstmisc.sty 2004/09/07 1.3 (Carsten Heinz)
\c@lstnumber=\count110
\lst@skipnumbers=\count111
\lst@framebox=\box29
)
(/usr/share/texmf/tex/latex/listings/listings.cfg
File: listings.cfg 2004/09/05 1.3 listings configuration
))
Package: listings 2004/10/17 1.3b (Carsten Heinz)

(/usr/share/texmf/tex/latex/hyperref/hyperref.sty
Package: hyperref 2007/02/07 v6.75r Hypertext links for LaTeX
\@linkdim=\dimen123
\Hy@linkcounter=\count112
\Hy@pagecounter=\count113

(/usr/share/texmf/tex/latex/hyperref/pd1enc.def
File: pd1enc.def 2007/02/07 v6.75r Hyperref: PDFDocEncoding definition (HO)
)
(/usr/share/texmf/tex/latex/config/hyperref.cfg
File: hyperref.cfg 2002/06/06 v1.2 hyperref configuration of TeXLive
)
(/usr/share/texmf/tex/latex/oberdiek/kvoptions.sty
Package: kvoptions 2006/08/22 v2.4 Connects package keyval with LaTeX options (
HO)
)
Package hyperref Info: Hyper figures OFF on input line 2288.
Package hyperref Info: Link nesting OFF on input line 2293.
Package hyperref Info: Hyper index ON on input line 2296.
Package hyperref Info: Plain pages OFF on input line 2303.
Package hyperref Info: Backreferencing OFF on input line 2308.

Implicit mode ON; LaTeX internals redefined
Package hyperref Info: Bookmarks ON on input line 2444.
(/usr/share/texmf/tex/latex/ltxmisc/url.sty
\Urlmuskip=\muskip11
Package: url 2005/06/27  ver 3.2  Verb mode for urls, etc.
)
LaTeX Info: Redefining \url on input line 2599.
\Fld@menulength=\count114
\Field@Width=\dimen124
\Fld@charsize=\dimen125
\Choice@toks=\toks22
\Field@toks=\toks23
Package hyperref Info: Hyper figures OFF on input line 3102.
Package hyperref Info: Link nesting OFF on input line 3107.
Package hyperref Info: Hyper index ON on input line 3110.
Package hyperref Info: backreferencing OFF on input line 3117.
Package hyperref Info: Link coloring OFF on input line 3122.
\Hy@abspage=\count115
\c@Item=\count116
\c@Hfootnote=\count117
)
*hyperref using default driver hpdftex*
(/usr/share/texmf/tex/latex/hyperref/hpdftex.def
File: hpdftex.def 2007/02/07 v6.75r Hyperref driver for pdfTeX
\Fld@listcount=\count118
)
Package hyperref Info: Option `colorlinks' set `true' on input line 59.
 (./notes.aux)
\openout1 = `notes.aux'.

LaTeX Font Info:    Checking defaults for OML/cmm/m/it on input line 62.
LaTeX Font Info:    ... okay on input line 62.
LaTeX Font Info:    Checking defaults for T1/cmr/m/n on input line 62.
LaTeX Font Info:    ... okay on input line 62.
LaTeX Font Info:    Checking defaults for OT1/cmr/m/n on input line 62.
LaTeX Font Info:    ... okay on input line 62.
LaTeX Font Info:    Checking defaults for OMS/cmsy/m/n on input line 62.
LaTeX Font Info:    ... okay on input line 62.
LaTeX Font Info:    Checking defaults for OMX/cmex/m/n on input line 62.
LaTeX Font Info:    ... okay on input line 62.
LaTeX Font Info:    Checking defaults for U/cmr/m/n on input line 62.
LaTeX Font Info:    ... okay on input line 62.
LaTeX Font Info:    Checking defaults for TS1/cmr/m/n on input line 62.
LaTeX Font Info:    Try loading font information for TS1+cmr on input line 62.

(/usr/share/texmf/tex/latex/base/ts1cmr.fd
File: ts1cmr.fd 1999/05/25 v2.5h Standard LaTeX font definitions
)
LaTeX Font Info:    ... okay on input line 62.
LaTeX Font Info:    Checking defaults for PD1/pdf/m/n on input line 62.
LaTeX Font Info:    ... okay on input line 62.
-------------------- Geometry parameters
paper: class default
landscape: --
twocolumn: --
twoside: --
asymmetric: --
h-parts: 90.3375pt, 433.62001pt, 90.3375pt
v-parts: 90.3375pt, 614.295pt, 90.3375pt
hmarginratio: --
vmarginratio: --
lines: --
heightrounded: --
bindingoffset: 0.0pt
truedimen: --
includehead: --
includefoot: --
includemp: --
driver: pdftex
-------------------- Page layout dimensions and switches
\paperwidth  614.295pt
\paperheight 794.96999pt
\textwidth  433.62001pt
\textheight 614.295pt
\oddsidemargin  18.0675pt
\evensidemargin 18.0675pt
\topmargin  -18.9325pt
\headheight 12.0pt
\headsep    25.0pt
\footskip   30.0pt
\marginparwidth 65.0pt
\marginparsep   11.0pt
\columnsep  10.0pt
\skip\footins  9.0pt plus 4.0pt minus 2.0pt
\hoffset 0.0pt
\voffset 0.0pt
\mag 1000

(1in=72.27pt, 1cm=28.45pt)
-----------------------
Package hyperref Info: Link coloring ON on input line 62.

(/usr/share/texmf/tex/latex/hyperref/nameref.sty
Package: nameref 2006/12/27 v2.28 Cross-referencing by name of section

(/usr/share/texmf/tex/latex/oberdiek/refcount.sty
Package: refcount 2006/02/20 v3.0 Data extraction from references (HO)
)
\c@section@level=\count119
)
LaTeX Info: Redefining \ref on input line 62.
LaTeX Info: Redefining \pageref on input line 62.
 (./notes.out) (./notes.out)
\@outlinefile=\write3
\openout3 = `notes.out'.

(./notes.toc [1

{/usr/share/texmf/fonts/map/pdftex/updmap/pdftex.map}] [2])
\tf@toc=\write4
\openout4 = `notes.toc'.


[3] [4] [5]
LaTeX Font Info:    Try loading font information for OMS+cmr on input line 261.

 (/usr/share/texmf/tex/latex/base/omscmr.fd
File: omscmr.fd 1999/05/25 v2.5h Standard LaTeX font definitions
)
LaTeX Font Info:    Font shape `OMS/cmr/m/n' in size <10> not available
(Font)              Font shape `OMS/cmsy/m/n' tried instead on input line 261.
 [6] [7] [8]
LaTeX Font Info:    Try loading font information for OMS+cmtt on input line 403
.
LaTeX Font Info:    No file OMScmtt.fd. on input line 403.


LaTeX Font Warning: Font shape `OMS/cmtt/m/n' undefined
(Font)              using `OMS/cmsy/m/n' instead
(Font)              for symbol `textbraceleft' on input line 403.


Underfull \hbox (badness 10000) detected at line 403
[][]\OT1/cmtt/m/n/10 > ln -s \OMS/cmtt/m/n/10 f\OT1/cmtt/m/n/10 source\OMS/cmtt
/m/n/10 g f\OT1/cmtt/m/n/10 destination\OMS/cmtt/m/n/10 g[][]
 []


Underfull \hbox (badness 10000) detected at line 404
[][]\OT1/cmtt/m/n/10 > ln \OMS/cmtt/m/n/10 f\OT1/cmtt/m/n/10 source\OMS/cmtt/m/
n/10 g f\OT1/cmtt/m/n/10 destination\OMS/cmtt/m/n/10 g[][]
 []

Missing character: There is no â in font cmr10!
Missing character: There is no € in font cmr10!
Missing character: There is no ¦ in font cmr10!

Underfull \hbox (badness 10000) detected at line 440
[][]\OT1/cmtt/m/n/10 *[][]
 []


Underfull \hbox (badness 10000) detected at line 441
[][]\OT1/cmtt/m/n/10 ?[][]
 []


Underfull \hbox (badness 10000) detected at line 442
[][]\OT1/cmtt/m/n/10 [abc][][]
 []

[9]
LaTeX Font Info:    Font shape `OT1/cmtt/bx/n' in size <10> not available
(Font)              Font shape `OT1/cmtt/m/n' tried instead on input line 455.

Underfull \hbox (badness 10000) detected at line 463
[][]\OT1/cmtt/m/n/10 -name \OT1/cmtt/m/it/10 pattern[][]
 []


Underfull \hbox (badness 10000) detected at line 464
[][]\OT1/cmtt/m/n/10 -iname \OT1/cmtt/m/it/10 pattern[][]
 []


Underfull \hbox (badness 10000) detected at line 465
[][]\OT1/cmtt/m/n/10 -type d[][]
 []


Underfull \hbox (badness 10000) detected at line 466
[][]\OT1/cmtt/m/n/10 -type l[][]
 []


Underfull \hbox (badness 10000) detected at line 467
[][]\OT1/cmtt/m/n/10 -type f[][]
 []


Underfull \hbox (badness 10000) detected at line 468
[][]\OT1/cmtt/m/n/10 -mtime +n|-n|n[][]
 []


Underfull \hbox (badness 10000) detected at line 474
[][]\OT1/cmtt/m/n/10 -size n[c][][]
 []


Underfull \hbox (badness 10000) detected at line 476
[][]\OT1/cmtt/m/n/10 -user \OT1/cmtt/m/it/10 user[][]
 []


Underfull \hbox (badness 10000) detected at line 483
[][]\OT1/cmtt/m/n/10 > find . -name a.txt[][]
 []


Underfull \hbox (badness 10000) detected at line 485
[][]\OT1/cmtt/m/n/10 > find . -name *.tex[][]
 []


Underfull \hbox (badness 10000) detected at line 502
[][]\OT1/cmtt/m/n/10 -d \OT1/cmtt/m/it/10 path\OT1/cmtt/m/n/10 , --database=\OT
1/cmtt/m/it/10 path[][]
 []


Underfull \hbox (badness 10000) detected at line 505
[][]\OT1/cmtt/m/n/10 -h, --help[][]
 []


Underfull \hbox (badness 10000) detected at line 506
[][]\OT1/cmtt/m/n/10 --version[][]
 []


Underfull \hbox (badness 10000) detected at line 513
[][]\OT1/cmtt/m/n/10 cat[][]
 []


Underfull \hbox (badness 10000) detected at line 514
[][]\OT1/cmtt/m/n/10 more[][]
 []


Underfull \hbox (badness 10000) detected at line 515
[][]\OT1/cmtt/m/n/10 less[][]
 []


Underfull \hbox (badness 10000) detected at line 516
[][]\OT1/cmtt/m/n/10 od[][]
 []

[10]
Underfull \hbox (badness 10000) detected at line 517
[][]\OT1/cmtt/m/n/10 head -n file[][]
 []


Underfull \hbox (badness 10000) detected at line 518
[][]\OT1/cmtt/m/n/10 tail -3 file[][]
 []

LaTeX Font Info:    Try loading font information for OML+cmr on input line 578.

(/usr/share/texmf/tex/latex/base/omlcmr.fd
File: omlcmr.fd 1999/05/25 v2.5h Standard LaTeX font definitions
)
LaTeX Font Info:    Font shape `OML/cmr/m/n' in size <10> not available
(Font)              Font shape `OML/cmm/m/it' tried instead on input line 578.
 [11]
Underfull \hbox (badness 10000) detected at line 588
[][]\OT1/cmtt/m/n/10 -key=column[][]
 []


Underfull \hbox (badness 10000) detected at line 590
[][]\OT1/cmtt/m/n/10 -n[][]
 []


Underfull \hbox (badness 10000) detected at line 592
[][]\OT1/cmtt/m/n/10 > sort ...| tail -1[][]
 []

LaTeX Font Info:    Font shape `OML/cmr/m/n' in size <9> not available
(Font)              Font shape `OML/cmm/m/it' tried instead on input line 611.
LaTeX Font Info:    Font shape `OMS/cmr/m/n' in size <9> not available
(Font)              Font shape `OMS/cmsy/m/n' tried instead on input line 611.
[12] [13]
Underfull \hbox (badness 10000) detected at line 727
[][]\OT1/cmtt/m/n/10 tar -xvf \OMS/cmtt/m/n/10 f\OT1/cmtt/m/n/10 archivename\OM
S/cmtt/m/n/10 g[][]
 []


Underfull \hbox (badness 10000) detected at line 728
[][]\OT1/cmtt/m/n/10 gzip[][]
 []


Underfull \hbox (badness 10000) detected at line 729
[][]\OT1/cmtt/m/n/10 compress[][]
 []


Underfull \hbox (badness 10000) detected at line 730
[][]\OT1/cmtt/m/n/10 xzip[][]
 []


Underfull \hbox (badness 10000) detected at line 731
[][]\OT1/cmtt/m/n/10 fpack[][]
 []

[14] [15] [16]
Overfull \hbox (75.64404pt too wide) in paragraph at lines 913--919
[]\OT1/cmr/m/n/10 variables: ref-er-ence us-ing $\OML/cmm/m/it/10 varnamecomman
dlinearguments \OT1/cmr/m/n/10 :$0 is first word (the com-mand), $1\OML/cmm/m/i
t/10 thefirstargument; etc:\OT1/cmr/m/n/10 ;$*
 []


Overfull \hbox (49.37578pt too wide) in paragraph at lines 963--963
[]\OT1/cmtt/m/n/10 set runtime = `ps -q $bsynjob -o cputime | tail -1 | awk -F:
 '{print ($1*3600)+($2*60)+$3}'`[] 
 []

[17] [18]
Overfull \hbox (62.14668pt too wide) in paragraph at lines 1026--1034
\OT1/cmr/m/n/10 yond the stan-dard La-TeX com-mands). You can cre-ate the bib-i
tem man-u-ally ([]\OT1/cmtt/m/n/10 \bibitem{identifier} reference\OT1/cmr/m/n/1
0 ),
 []

[19]
Underfull \hbox (badness 10000) in paragraph at lines 1101--1106

 []

[20] [21] [22] [23]
Overfull \hbox (9.95325pt too wide) in paragraph at lines 1360--1362
[][]$\OT1/cmr/m/n/10 https : / / www . gnu . org / software / make / manual / h
tml[]node / index . html # Top$[][], [][]$http : / / www . rsmas . miami .
 []

[24]
Overfull \hbox (22.13786pt too wide) in paragraph at lines 1425--1428
 \OT1/cmr/bx/n/10 Us-ing pro-grams:[] \OT1/cmr/m/n/10 run a script us-ing []\OT
1/cmtt/m/n/10 IDL> @scriptname\OT1/cmr/m/n/10 , run a pro-gram us-ing []\OT1/cm
tt/m/n/10 IDL> .run programname
 []

[25] [26] [27] [28] [29] [30] [31] [32] [33] [34] [35] [36] [37] [38] [39]
[40] [41] [42] [43] [44] [45] [46] [47]
Overfull \hbox (3.71312pt too wide) in paragraph at lines 2729--2735
[]\OT1/cmr/m/n/10 A Python im-ple-men-ta-tion of ma-trix in-ver-sion and lin-ea
r al-ge-bra in gen-eral can be found in [][]scipy.linalg[][].
 []


Overfull \hbox (12.6261pt too wide) in paragraph at lines 2751--2751
[]    \OT1/cmtt/m/n/10 # loop over parameters, sums over data points (y) are do
ne with vector arithmetic[] 
 []

[48]
Overfull \hbox (44.12582pt too wide) in paragraph at lines 2758--2758
[]    \OT1/cmtt/m/n/10 A = np.vander(x, 2)  # Take a look at the documentation 
to see what this function does.[] 
 []

[49] [50] [51] [52] [53] [54] (./notes.aux)

 *File List*
 article.cls    2005/09/16 v1.4f Standard LaTeX document class
  size10.clo    2005/09/16 v1.4f Standard LaTeX file (size option)
geometry.sty    2002/07/08 v3.2 Page Geometry
  keyval.sty    1999/03/16 v1.13 key=value parser (DPC)
graphicx.sty    1999/02/16 v1.0f Enhanced LaTeX Graphics (DPC,SPQR)
graphics.sty    2006/02/20 v1.0o Standard LaTeX Graphics (DPC,SPQR)
    trig.sty    1999/03/16 v1.09 sin cos tan (DPC)
graphics.cfg    2007/01/18 v1.5 graphics configuration of teTeX/TeXLive
  pdftex.def    2007/01/08 v0.04d Graphics/color for pdfTeX
enumitem.sty    2005/05/12 v1.1 Customized lists
 amsmath.sty    2000/07/18 v2.13 AMS math features
 amstext.sty    2000/06/29 v2.01
  amsgen.sty    1999/11/30 v2.0
  amsbsy.sty    1999/11/29 v1.2d
  amsopn.sty    1999/12/14 v2.01 operator names
mathcomp.sty    2001/01/07 v0.1f (TBo)
textcomp.sty    2005/09/27 v1.99g Standard LaTeX package
  ts1enc.def    2001/06/05 v3.0e (jk/car/fm) Standard LaTeX file
   color.sty    2005/11/14 v1.0j Standard LaTeX Color (DPC)
   color.cfg    2007/01/18 v1.5 color configuration of teTeX/TeXLive
setspace.sty    2000/12/01 6.7 Contributed and Supported LaTeX2e package
listings.sty    2004/10/17 1.3b (Carsten Heinz)
lstpatch.sty    2004/10/17 1.3b (Carsten Heinz)
 lstmisc.sty    2004/09/07 1.3 (Carsten Heinz)
listings.cfg    2004/09/05 1.3 listings configuration
hyperref.sty    2007/02/07 v6.75r Hypertext links for LaTeX
  pd1enc.def    2007/02/07 v6.75r Hyperref: PDFDocEncoding definition (HO)
hyperref.cfg    2002/06/06 v1.2 hyperref configuration of TeXLive
kvoptions.sty    2006/08/22 v2.4 Connects package keyval with LaTeX options (HO
)
     url.sty    2005/06/27  ver 3.2  Verb mode for urls, etc.
 hpdftex.def    2007/02/07 v6.75r Hyperref driver for pdfTeX
  ts1cmr.fd    1999/05/25 v2.5h Standard LaTeX font definitions
 nameref.sty    2006/12/27 v2.28 Cross-referencing by name of section
refcount.sty    2006/02/20 v3.0 Data extraction from references (HO)
   notes.out
   notes.out
  omscmr.fd    1999/05/25 v2.5h Standard LaTeX font definitions
  omlcmr.fd    1999/05/25 v2.5h Standard LaTeX font definitions
 ***********


LaTeX Font Warning: Some font shapes were not available, defaults substituted.


LaTeX Warning: Label(s) may have changed. Rerun to get cross-references right.

 ) 
Here is how much of TeX's memory you used:
 5534 strings out of 256214
 77170 string characters out of 1916999
 136592 words of memory out of 1500000
 8552 multiletter control sequences out of 10000+200000
 12644 words of font info for 45 fonts, out of 1200000 for 2000
 645 hyphenation exceptions out of 8191
 27i,10n,36p,222b,947s stack positions out of 5000i,500n,6000p,200000b,15000s
pdfTeX warning (dest): name{UNDEFINED} has been referenced but does not exist
, replaced by a fixed one

 </home/users/laurel07/.texlive2007/texmf-var/fonts/pk/ljfour/jknappen/ec/tcrm1
000.600pk></usr/share/texmf/fonts/type1/bluesky/cm/cmbx10.pfb></usr/share/texmf
/fonts/type1/bluesky/cm/cmbx12.pfb></usr/share/texmf/fonts/type1/bluesky/cm/cme
x10.pfb></usr/share/texmf/fonts/type1/bluesky/cm/cmitt10.pfb></usr/share/texmf/
fonts/type1/bluesky/cm/cmmi10.pfb></usr/share/texmf/fonts/type1/bluesky/cm/cmmi
5.pfb></usr/share/texmf/fonts/type1/bluesky/cm/cmmi7.pfb></usr/share/texmf/font
s/type1/bluesky/cm/cmmi9.pfb></usr/share/texmf/fonts/type1/bluesky/cm/cmr10.pfb
></usr/share/texmf/fonts/type1/bluesky/cm/cmr12.pfb></usr/share/texmf/fonts/typ
e1/bluesky/cm/cmr17.pfb></usr/share/texmf/fonts/type1/bluesky/cm/cmr5.pfb></usr
/share/texmf/fonts/type1/bluesky/cm/cmr7.pfb></usr/share/texmf/fonts/type1/blue
sky/cm/cmr9.pfb></usr/share/texmf/fonts/type1/bluesky/cm/cmsy10.pfb></usr/share
/texmf/fonts/type1/bluesky/cm/cmsy5.pfb></usr/share/texmf/fonts/type1/bluesky/c
m/cmsy7.pfb></usr/share/texmf/fonts/type1/bluesky/cm/cmsy9.pfb></usr/share/texm
f/fonts/type1/bluesky/cm/cmti10.pfb></usr/share/texmf/fonts/type1/bluesky/cm/cm
tt10.pfb>
Output written on notes.pdf (54 pages, 376660 bytes).
PDF statistics:
 983 PDF objects out of 1000 (max. 8388607)
 203 named destinations out of 1000 (max. 131072)
 793 words of extra memory for PDF output out of 10000 (max. 10000000)

